<?xml version="1.0" encoding="UTF-8"?>
<!-- Generated by org.testng.reporters.JUnitReportReporter -->
<testsuite hostname="DESKTOP-H3UQ7ED" failures="0" tests="1" name="bestbuyautomation.OpenBrowserAndNavigateTest" time="0.014" errors="0" timestamp="2023-09-27T15:37:32 IST" skipped="0">
  <testcase classname="bestbuyautomation.OpenBrowserAndNavigateTest" name="openbrowserandnavigatetest" time="0.014"/>
</testsuite> <!-- bestbuyautomation.OpenBrowserAndNavigateTest -->
